  main.cpp
d:\cloudstorages\projects_git\mathandpathplanalgs\pathplansfmldl\pathplanning_2d_fl_dl\generationpathholder\generationpathholder\whole_map.h(91): warning C4244: '=': conversion from 'float' to 'unsigned int', possible loss of data
d:\cloudstorages\projects_git\mathandpathplanalgs\pathplansfmldl\pathplanning_2d_fl_dl\generationpathholder\generationpathholder\whole_map.h(92): warning C4244: '=': conversion from 'float' to 'unsigned int', possible loss of data
d:\cloudstorages\projects_git\mathandpathplanalgs\pathplansfmldl\pathplanning_2d_fl_dl\generationpathholder\generationpathholder\whole_map.h(99): warning C4244: '=': conversion from 'float' to 'unsigned int', possible loss of data
d:\cloudstorages\projects_git\mathandpathplanalgs\pathplansfmldl\pathplanning_2d_fl_dl\generationpathholder\generationpathholder\whole_map.h(100): warning C4244: '=': conversion from 'float' to 'unsigned int', possible loss of data
d:\cloudstorages\projects_git\mathandpathplanalgs\pathplansfmldl\pathplanning_2d_fl_dl\generationpathholder\generationpathholder\whole_map.h(112): warning C4244: '=': conversion from 'float' to 'unsigned int', possible loss of data
d:\cloudstorages\projects_git\mathandpathplanalgs\pathplansfmldl\pathplanning_2d_fl_dl\generationpathholder\generationpathholder\whole_map.h(113): warning C4244: '=': conversion from 'float' to 'unsigned int', possible loss of data
d:\cloudstorages\projects_git\mathandpathplanalgs\pathplansfmldl\pathplanning_2d_fl_dl\generationpathholder\generationpathholder\whole_map.h(120): warning C4244: '=': conversion from 'float' to 'unsigned int', possible loss of data
d:\cloudstorages\projects_git\mathandpathplanalgs\pathplansfmldl\pathplanning_2d_fl_dl\generationpathholder\generationpathholder\whole_map.h(121): warning C4244: '=': conversion from 'float' to 'unsigned int', possible loss of data
d:\cloudstorages\projects_git\mathandpathplanalgs\pathplansfmldl\pathplanning_2d_fl_dl\generationpathholder\generationpathholder\robot_ai.h(42): warning C4244: '=': conversion from 'double' to 'float', possible loss of data
d:\cloudstorages\projects_git\mathandpathplanalgs\pathplansfmldl\pathplanning_2d_fl_dl\generationpathholder\generationpathholder\robot_ai.h(43): warning C4244: '=': conversion from 'double' to 'float', possible loss of data
d:\cloudstorages\projects_git\mathandpathplanalgs\pathplansfmldl\pathplanning_2d_fl_dl\generationpathholder\generationpathholder\robot_ai.h(52): warning C4244: '=': conversion from 'double' to 'float', possible loss of data
d:\cloudstorages\projects_git\mathandpathplanalgs\pathplansfmldl\pathplanning_2d_fl_dl\generationpathholder\generationpathholder\robot_ai.h(53): warning C4244: '=': conversion from 'double' to 'float', possible loss of data
d:\cloudstorages\projects_git\mathandpathplanalgs\pathplansfmldl\pathplanning_2d_fl_dl\generationpathholder\generationpathholder\robot_ai.h(97): warning C4244: '=': conversion from 'double' to '_angle_type', possible loss of data
d:\cloudstorages\projects_git\mathandpathplanalgs\pathplansfmldl\pathplanning_2d_fl_dl\generationpathholder\generationpathholder\robot_ai.h(125): warning C4244: '=': conversion from 'double' to '_angle_type', possible loss of data
d:\cloudstorages\projects_git\mathandpathplanalgs\pathplansfmldl\pathplanning_2d_fl_dl\generationpathholder\generationpathholder\robot_ai.h(130): warning C4244: '=': conversion from 'double' to '_angle_type', possible loss of data
d:\cloudstorages\projects_git\mathandpathplanalgs\pathplansfmldl\pathplanning_2d_fl_dl\generationpathholder\generationpathholder\main.cpp(164): warning C4244: '=': conversion from 'float' to 'unsigned int', possible loss of data
d:\cloudstorages\projects_git\mathandpathplanalgs\pathplansfmldl\pathplanning_2d_fl_dl\generationpathholder\generationpathholder\main.cpp(165): warning C4244: '=': conversion from 'float' to 'unsigned int', possible loss of data
  robot_AI.cpp
d:\cloudstorages\projects_git\mathandpathplanalgs\pathplansfmldl\pathplanning_2d_fl_dl\generationpathholder\generationpathholder\whole_map.h(91): warning C4244: '=': conversion from 'float' to 'unsigned int', possible loss of data
d:\cloudstorages\projects_git\mathandpathplanalgs\pathplansfmldl\pathplanning_2d_fl_dl\generationpathholder\generationpathholder\whole_map.h(92): warning C4244: '=': conversion from 'float' to 'unsigned int', possible loss of data
d:\cloudstorages\projects_git\mathandpathplanalgs\pathplansfmldl\pathplanning_2d_fl_dl\generationpathholder\generationpathholder\whole_map.h(99): warning C4244: '=': conversion from 'float' to 'unsigned int', possible loss of data
d:\cloudstorages\projects_git\mathandpathplanalgs\pathplansfmldl\pathplanning_2d_fl_dl\generationpathholder\generationpathholder\whole_map.h(100): warning C4244: '=': conversion from 'float' to 'unsigned int', possible loss of data
d:\cloudstorages\projects_git\mathandpathplanalgs\pathplansfmldl\pathplanning_2d_fl_dl\generationpathholder\generationpathholder\whole_map.h(112): warning C4244: '=': conversion from 'float' to 'unsigned int', possible loss of data
d:\cloudstorages\projects_git\mathandpathplanalgs\pathplansfmldl\pathplanning_2d_fl_dl\generationpathholder\generationpathholder\whole_map.h(113): warning C4244: '=': conversion from 'float' to 'unsigned int', possible loss of data
d:\cloudstorages\projects_git\mathandpathplanalgs\pathplansfmldl\pathplanning_2d_fl_dl\generationpathholder\generationpathholder\whole_map.h(120): warning C4244: '=': conversion from 'float' to 'unsigned int', possible loss of data
d:\cloudstorages\projects_git\mathandpathplanalgs\pathplansfmldl\pathplanning_2d_fl_dl\generationpathholder\generationpathholder\whole_map.h(121): warning C4244: '=': conversion from 'float' to 'unsigned int', possible loss of data
d:\cloudstorages\projects_git\mathandpathplanalgs\pathplansfmldl\pathplanning_2d_fl_dl\generationpathholder\generationpathholder\robot_ai.h(42): warning C4244: '=': conversion from 'double' to 'float', possible loss of data
d:\cloudstorages\projects_git\mathandpathplanalgs\pathplansfmldl\pathplanning_2d_fl_dl\generationpathholder\generationpathholder\robot_ai.h(43): warning C4244: '=': conversion from 'double' to 'float', possible loss of data
d:\cloudstorages\projects_git\mathandpathplanalgs\pathplansfmldl\pathplanning_2d_fl_dl\generationpathholder\generationpathholder\robot_ai.h(52): warning C4244: '=': conversion from 'double' to 'float', possible loss of data
d:\cloudstorages\projects_git\mathandpathplanalgs\pathplansfmldl\pathplanning_2d_fl_dl\generationpathholder\generationpathholder\robot_ai.h(53): warning C4244: '=': conversion from 'double' to 'float', possible loss of data
d:\cloudstorages\projects_git\mathandpathplanalgs\pathplansfmldl\pathplanning_2d_fl_dl\generationpathholder\generationpathholder\robot_ai.h(97): warning C4244: '=': conversion from 'double' to '_angle_type', possible loss of data
d:\cloudstorages\projects_git\mathandpathplanalgs\pathplansfmldl\pathplanning_2d_fl_dl\generationpathholder\generationpathholder\robot_ai.h(125): warning C4244: '=': conversion from 'double' to '_angle_type', possible loss of data
d:\cloudstorages\projects_git\mathandpathplanalgs\pathplansfmldl\pathplanning_2d_fl_dl\generationpathholder\generationpathholder\robot_ai.h(130): warning C4244: '=': conversion from 'double' to '_angle_type', possible loss of data
d:\cloudstorages\projects_git\mathandpathplanalgs\pathplansfmldl\pathplanning_2d_fl_dl\generationpathholder\generationpathholder\robot_ai.cpp(31): warning C4244: '=': conversion from 'unsigned int' to 'float', possible loss of data
d:\cloudstorages\projects_git\mathandpathplanalgs\pathplansfmldl\pathplanning_2d_fl_dl\generationpathholder\generationpathholder\robot_ai.cpp(34): warning C4244: '=': conversion from 'double' to 'float', possible loss of data
d:\cloudstorages\projects_git\mathandpathplanalgs\pathplansfmldl\pathplanning_2d_fl_dl\generationpathholder\generationpathholder\robot_ai.cpp(56): warning C4018: '<': signed/unsigned mismatch
d:\cloudstorages\projects_git\mathandpathplanalgs\pathplansfmldl\pathplanning_2d_fl_dl\generationpathholder\generationpathholder\robot_ai.cpp(58): warning C4244: '=': conversion from 'float' to 'unsigned int', possible loss of data
d:\cloudstorages\projects_git\mathandpathplanalgs\pathplansfmldl\pathplanning_2d_fl_dl\generationpathholder\generationpathholder\robot_ai.cpp(59): warning C4244: '=': conversion from 'float' to 'unsigned int', possible loss of data
d:\cloudstorages\projects_git\mathandpathplanalgs\pathplansfmldl\pathplanning_2d_fl_dl\generationpathholder\generationpathholder\robot_ai.cpp(50): warning C4101: 'rob_pos_disc': unreferenced local variable
  Generating Code...
  GenerationPathHolder.vcxproj -> D:\cloudStorages\Projects_Git\MathAndPathPlanAlgs\PathPlanSFMLDL\PathPlanning_2d_FL_DL\GenerationPathHolder\Debug\GenerationPathHolder.exe
